<?xml version="1.0" encoding="UTF-8"?>
<testng-results skipped="0" failed="0" ignored="0" total="1" passed="1">
  <reporter-output>
  </reporter-output>
  <suite name="Default suite" duration-ms="3358" started-at="2020-05-03T14:20:04 IST" finished-at="2020-05-03T14:20:07 IST">
    <groups>
    </groups>
    <test name="Default test" duration-ms="3358" started-at="2020-05-03T14:20:04 IST" finished-at="2020-05-03T14:20:07 IST">
      <class name="ApiTesting.paytmInsider.Apitesting">
        <test-method status="PASS" signature="getresponse()[pri:0, instance:ApiTesting.paytmInsider.Apitesting@2173f6d9]" name="getresponse" duration-ms="3281" started-at="2020-05-03T14:20:04 IST" finished-at="2020-05-03T14:20:07 IST">
          <reporter-output>
          </reporter-output>
        </test-method> <!-- getresponse -->
      </class> <!-- ApiTesting.paytmInsider.Apitesting -->
    </test> <!-- Default test -->
  </suite> <!-- Default suite -->
</testng-results>
