<?xml version="1.0" encoding="UTF-8"?>
<testng-results skipped="0" failed="0" ignored="0" total="1" passed="1">
  <reporter-output>
  </reporter-output>
  <suite name="Default suite" duration-ms="3041" started-at="2020-07-23T08:52:33 IST" finished-at="2020-07-23T08:52:36 IST">
    <groups>
    </groups>
    <test name="Default test" duration-ms="3041" started-at="2020-07-23T08:52:33 IST" finished-at="2020-07-23T08:52:36 IST">
      <class name="ApiTesting.paytmInsider.Apitesting">
        <test-method status="PASS" signature="getresponse()[pri:0, instance:ApiTesting.paytmInsider.Apitesting@23d2a7e8]" name="getresponse" duration-ms="2977" started-at="2020-07-23T08:52:33 IST" finished-at="2020-07-23T08:52:36 IST">
          <reporter-output>
          </reporter-output>
        </test-method> <!-- getresponse -->
      </class> <!-- ApiTesting.paytmInsider.Apitesting -->
    </test> <!-- Default test -->
  </suite> <!-- Default suite -->
</testng-results>
